2025-03-16 14:06:39,514 - INFO - Данные успешно загружены.
2025-03-16 14:06:39,701 - INFO - Запрошено расписание для класса: 7а
2025-03-16 14:11:35,857 - INFO - Данные успешно загружены.
2025-03-16 14:11:36,014 - INFO - Запрошено расписание для класса: 7а
2025-03-16 14:11:36,014 - ERROR - Класс 7а не найден в данных.
2025-03-16 14:11:49,448 - INFO - Запрошено расписание для класса: 5а
2025-03-16 14:12:04,570 - INFO - Запрошена информация об учителе: иван иванов
2025-03-16 14:12:04,571 - ERROR - Учитель иван иванов не найден в данных.
2025-03-16 14:13:03,422 - INFO - Запрошен маршрут между предметами: 101 и 201
2025-03-16 14:13:03,423 - ERROR - Один из кабинетов не найден: 101 — None, 201 — None
2025-03-16 14:19:38,899 - INFO - Данные успешно загружены.
2025-03-16 14:19:39,054 - INFO - Запрошена информация об учителе: иван иванов
2025-03-16 14:19:39,054 - ERROR - Учитель иван иванов не найден в данных.
2025-03-16 14:23:39,616 - INFO - Запрошена информация об учителе: иван иванов
2025-03-16 14:23:39,616 - ERROR - Учитель иван иванов не найден в данных.
2025-03-22 16:03:35,238 - INFO - Данные успешно загружены.
2025-03-22 17:31:06,871 - INFO - Данные успешно загружены.
2025-03-22 17:32:32,346 - INFO - Запрошен маршрут между предметами: математика и английский
2025-03-22 17:32:54,263 - INFO - Запрошен поиск учителя по имени: иван
2025-03-22 17:33:11,059 - INFO - Запрошен поиск учителя по имени: иван иванов
2025-03-22 17:37:09,737 - INFO - Запрошено расписание для класса: 7
2025-03-22 17:37:09,737 - ERROR - Класс 7 не найден в данных.
2025-03-22 17:37:40,901 - INFO - Запрошено расписание для класса: 6а
2025-03-22 17:37:40,901 - ERROR - Класс 6а не найден в данных.
2025-03-22 17:38:17,325 - INFO - Запрошено расписание для класса: 5а
2025-03-22 18:48:30,618 - INFO - Данные успешно загружены.
2025-03-22 18:49:29,769 - INFO - Запрошен маршрут между предметами: история и математика
2025-03-26 12:36:17,287 - ERROR - Ошибка при загрузке данных: Expecting ',' delimiter: line 177 column 11 (char 3781)
2025-03-26 12:36:17,474 - INFO - Запрошено расписание для класса: 5а
2025-03-26 12:36:34,039 - INFO - Запрошено расписание для класса: 11а
2025-03-26 13:44:53,105 - ERROR - Ошибка при загрузке данных: Expecting ',' delimiter: line 177 column 11 (char 3781)
2025-03-26 13:44:53,323 - INFO - Запрошен поиск учителя по имени: алина олеговна
2025-03-26 14:05:14,796 - ERROR - Ошибка при загрузке данных: Expecting ',' delimiter: line 177 column 11 (char 3781)
2025-03-26 14:13:47,242 - ERROR - Ошибка при загрузке данных: Expecting ',' delimiter: line 177 column 11 (char 3781)
2025-03-27 17:49:39,010 - ERROR - Ошибка при загрузке данных: Expecting ',' delimiter: line 177 column 11 (char 3781)
2025-03-27 17:49:53,165 - INFO - Запрошен маршрут между предметами: 101 и 105
2025-03-27 17:49:53,166 - ERROR - Один из кабинетов не найден: 101 — None, 105 — None
2025-03-27 17:52:36,511 - INFO - Запрошен маршрут между предметами: физика и химия
2025-03-27 17:52:36,512 - ERROR - Маршрут не найден между кабинетами: Кабинет 214 и Кабинет 313
2025-03-27 17:52:53,974 - INFO - Запрошен маршрут между предметами: химия и физика
2025-03-27 17:52:53,974 - ERROR - Маршрут не найден между кабинетами: Кабинет 313 и Кабинет 214
2025-03-27 17:53:14,770 - INFO - Запрошен маршрут между предметами: математика и история
2025-03-28 12:38:38,206 - ERROR - Ошибка при загрузке данных: Expecting ',' delimiter: line 177 column 11 (char 3781)
2025-03-28 12:38:55,997 - INFO - Запрошен маршрут между предметами: 101 и 105
2025-03-28 12:38:55,998 - ERROR - Один из кабинетов не найден: 101 — None, 105 — None
2025-03-28 12:39:17,389 - INFO - Запрошен маршрут между предметами: 101 и 104
2025-03-28 12:39:17,389 - ERROR - Один из кабинетов не найден: 101 — None, 104 — None
2025-03-28 12:40:09,971 - INFO - Запрошен маршрут между предметами: математика и английский
2025-03-28 12:43:24,662 - INFO - Запрошен маршрут между предметами: 313 и 320
2025-03-28 12:43:24,662 - ERROR - Один из кабинетов не найден: 313 — None, 320 — None
2025-03-28 12:43:33,847 - INFO - Запрошен маршрут между предметами: химия и история
2025-03-28 12:43:33,848 - ERROR - Один из кабинетов не найден: химия — Кабинет 313, история — None
2025-03-28 12:50:38,416 - INFO - Запрошен маршрут между предметами: биология и химия
2025-03-28 12:50:38,417 - ERROR - Маршрут не найден между кабинетами: Кабинет 122 и Кабинет 313
2025-03-28 19:13:52,132 - INFO - Данные успешно загружены.
2025-03-28 19:13:52,372 - INFO - Запрошен маршрут между предметами: математика и английский
2025-03-28 19:22:38,097 - INFO - Данные успешно загружены.
2025-03-28 19:23:11,659 - INFO - Запрошен маршрут между предметами: математика и английский
2025-03-28 19:31:57,519 - INFO - Запрошен маршрут между предметами: английский и математика
2025-03-28 20:53:09,260 - INFO - Запрошено расписание для класса: 7б
2025-03-28 20:53:23,372 - INFO - Запрошен поиск учителя по имени: алина олеговна
2025-03-28 20:53:47,885 - INFO - Запрошен поиск учителя по имени: алексей евгеньевич
2025-03-28 20:53:47,888 - ERROR - Учитель по запросу 'алексей евгеньевич' не найден.
2025-03-28 20:56:14,238 - INFO - Запрошен поиск учителя по имени: ольга витальевна
2025-03-28 20:58:44,692 - INFO - Запрошен поиск учителя по имени: екатерина александровна
2025-03-28 20:59:56,222 - INFO - Запрошен поиск учителя по имени: сергей сергеевич
2025-03-28 20:59:56,222 - ERROR - Учитель по запросу 'сергей сергеевич' не найден.
2025-03-28 23:30:40,085 - INFO - Данные успешно загружены.
2025-03-28 23:31:47,272 - INFO - Запрошено расписание для класса: <5б>
2025-03-28 23:31:47,272 - ERROR - Класс <5б> не найден в данных.
2025-03-28 23:32:13,213 - INFO - Запрошено расписание для класса: <5б>
2025-03-28 23:32:13,213 - ERROR - Класс <5б> не найден в данных.
2025-03-28 23:32:20,052 - INFO - Запрошено расписание для класса: <5б>
2025-03-28 23:32:20,053 - ERROR - Класс <5б> не найден в данных.
2025-03-28 23:32:33,648 - INFO - Запрошено расписание для класса: 5б
2025-03-28 23:37:47,771 - INFO - Данные успешно загружены.
2025-03-28 23:40:40,381 - INFO - Запрошено расписание для класса: 7
2025-03-28 23:40:40,381 - ERROR - Класс 7 не найден в данных.
2025-03-28 23:40:49,747 - INFO - Запрошено расписание для класса: 7б
2025-03-28 23:46:26,343 - INFO - Запрошен маршрут между предметами: история и биология
2025-03-28 23:46:57,283 - INFO - Запрошен маршрут между предметами: история и биология
2025-03-28 23:47:13,906 - INFO - Запрошен поиск учителя по имени: алина олеговна
